<?xml version="1.0" encoding="UTF-8"?>
<testng-results total="2" passed="2" failed="0" skipped="0">
  <reporter-output>
    <line>
      <![CDATA[Application Opened]]>
    </line>
    <line>
      <![CDATA[Login Completed]]>
    </line>
    <line>
      <![CDATA[Logout Completed]]>
    </line>
    <line>
      <![CDATA[Application closed]]>
    </line>
    <line>
      <![CDATA[Application Opened]]>
    </line>
    <line>
      <![CDATA[Login Completed]]>
    </line>
    <line>
      <![CDATA[New emp added]]>
    </line>
    <line>
      <![CDATA[Logout Completed]]>
    </line>
    <line>
      <![CDATA[Application closed]]>
    </line>
  </reporter-output>
  <suite started-at="2023-04-03T05:19:29Z" name="Suite1" finished-at="2023-04-03T05:19:50Z" duration-ms="20492">
    <groups>
    </groups>
    <test started-at="2023-04-03T05:19:29Z" name="Nopackage" finished-at="2023-04-03T05:19:50Z" duration-ms="20492">
      <class name="com.hrms.testscripts.Testng_Tc001">
        <test-method signature="tc001()[pri:0, instance:com.hrms.testscripts.Testng_Tc001@69e1dd28]" started-at="2023-04-03T10:49:29Z" name="tc001" finished-at="2023-04-03T10:49:41Z" duration-ms="11774" status="PASS">
          <reporter-output>
            <line>
              <![CDATA[Application Opened]]>
            </line>
            <line>
              <![CDATA[Login Completed]]>
            </line>
            <line>
              <![CDATA[Logout Completed]]>
            </line>
            <line>
              <![CDATA[Application closed]]>
            </line>
          </reporter-output>
        </test-method> <!-- tc001 -->
      </class> <!-- com.hrms.testscripts.Testng_Tc001 -->
      <class name="com.hrms.testscripts.Testng_Tc002">
        <test-method signature="tc002()[pri:0, instance:com.hrms.testscripts.Testng_Tc002@29e495ff]" started-at="2023-04-03T10:49:41Z" name="tc002" finished-at="2023-04-03T10:49:50Z" duration-ms="8707" status="PASS">
          <reporter-output>
            <line>
              <![CDATA[Application Opened]]>
            </line>
            <line>
              <![CDATA[Login Completed]]>
            </line>
            <line>
              <![CDATA[New emp added]]>
            </line>
            <line>
              <![CDATA[Logout Completed]]>
            </line>
            <line>
              <![CDATA[Application closed]]>
            </line>
          </reporter-output>
        </test-method> <!-- tc002 -->
      </class> <!-- com.hrms.testscripts.Testng_Tc002 -->
    </test> <!-- Nopackage -->
  </suite> <!-- Suite1 -->
</testng-results>
